

Microchip Technology PIC LITE Macro Assembler V1.33 build 59893 
                                                                                               Tue Mar 29 23:33:07 2016

Microchip Technology Omniscient Code Generator (Lite mode) build 59893
     1                           	processor	16F877A
     2                           	opt	pw 120
     3                           	opt	lm
     4                           	psect	idataCOMMON,global,class=CODE,delta=2
     5                           	psect	strings,global,class=STRING,delta=2
     6                           	psect	cinit,global,class=CODE,merge=1,delta=2
     7                           	psect	bitbssCOMMON,global,bit,class=COMMON,space=1,delta=1
     8                           	psect	bssCOMMON,global,class=COMMON,space=1,delta=1
     9                           	psect	dataCOMMON,global,class=COMMON,space=1,delta=1
    10                           	psect	cstackCOMMON,global,class=COMMON,space=1,delta=1
    11                           	psect	cstackBANK0,global,class=BANK0,space=1,delta=1
    12                           	psect	maintext,global,class=CODE,split=1,delta=2
    13                           	psect	text1,local,class=CODE,merge=1,delta=2
    14                           	psect	intentry,global,class=CODE,delta=2
    15                           	dabs	1,0x7E,2
    16  0000                     	;# 
    17  0001                     	;# 
    18  0002                     	;# 
    19  0003                     	;# 
    20  0004                     	;# 
    21  0005                     	;# 
    22  0006                     	;# 
    23  0007                     	;# 
    24  0008                     	;# 
    25  0009                     	;# 
    26  000A                     	;# 
    27  000B                     	;# 
    28  000C                     	;# 
    29  000D                     	;# 
    30  000E                     	;# 
    31  000E                     	;# 
    32  000F                     	;# 
    33  0010                     	;# 
    34  0011                     	;# 
    35  0012                     	;# 
    36  0013                     	;# 
    37  0014                     	;# 
    38  0015                     	;# 
    39  0015                     	;# 
    40  0016                     	;# 
    41  0017                     	;# 
    42  0018                     	;# 
    43  0019                     	;# 
    44  001A                     	;# 
    45  001B                     	;# 
    46  001B                     	;# 
    47  001C                     	;# 
    48  001D                     	;# 
    49  001E                     	;# 
    50  001F                     	;# 
    51  0081                     	;# 
    52  0085                     	;# 
    53  0086                     	;# 
    54  0087                     	;# 
    55  0088                     	;# 
    56  0089                     	;# 
    57  008C                     	;# 
    58  008D                     	;# 
    59  008E                     	;# 
    60  0091                     	;# 
    61  0092                     	;# 
    62  0093                     	;# 
    63  0094                     	;# 
    64  0098                     	;# 
    65  0099                     	;# 
    66  009C                     	;# 
    67  009D                     	;# 
    68  009E                     	;# 
    69  009F                     	;# 
    70  010C                     	;# 
    71  010D                     	;# 
    72  010E                     	;# 
    73  010F                     	;# 
    74  018C                     	;# 
    75  018D                     	;# 
    76                           
    77                           	psect	idataCOMMON
    78  0116                     __pidataCOMMON:	
    79                           
    80                           ;initializer for _a
    81  0116  3458               	retlw	88
    82                           
    83                           	psect	strings
    84  0100                     __pstrings:	
    85  0100                     stringtab:	
    86  0100                     __stringtab:	
    87  0100                     stringcode:	
    88                           ;	String table - string pointers are 1 byte each
    89                           
    90  0100                     stringdir:	
    91  0100  3001               	movlw	high stringdir
    92  0101  008A               	movwf	10
    93  0102  0804               	movf	4,w
    94  0103  0A84               	incf	4,f
    95  0104  0782               	addwf	2,f
    96  0105                     __stringbase:	
    97  0105  3400               	retlw	0
    98  0106                     __end_of__stringtab:	
    99  0106                     _digito:	
   100  0106  34BF               	retlw	191
   101  0107  3486               	retlw	134
   102  0108  34DB               	retlw	219
   103  0109  34CF               	retlw	207
   104  010A  34E6               	retlw	230
   105  010B  34ED               	retlw	237
   106  010C  34FD               	retlw	253
   107  010D  3487               	retlw	135
   108  010E  34FF               	retlw	255
   109  010F  34E7               	retlw	231
   110  0110  34F7               	retlw	247
   111  0111  34FC               	retlw	252
   112  0112  34B9               	retlw	185
   113  0113  34DE               	retlw	222
   114  0114  34F9               	retlw	249
   115  0115  34F1               	retlw	241
   116  0116                     __end_of_digito:	
   117  001E                     _ADRESH	set	30
   118  0015                     _CCPR1L	set	21
   119  001A                     _RCREG	set	26
   120  00FE                     _ADCS0	set	254
   121  00FF                     _ADCS1	set	255
   122  0066                     _ADIF	set	102
   123  00F8                     _ADON	set	248
   124  00B8                     _CCP1M0	set	184
   125  00B9                     _CCP1M1	set	185
   126  00BA                     _CCP1M2	set	186
   127  00BB                     _CCP1M3	set	187
   128  00BD                     _CCP1X	set	189
   129  00BC                     _CCP1Y	set	188
   130  00FB                     _CHS0	set	251
   131  00FC                     _CHS1	set	252
   132  00FD                     _CHS2	set	253
   133  006E                     _CMIF	set	110
   134  005F                     _GIE	set	95
   135  00FA                     _GO_DONE	set	250
   136  005C                     _INTE	set	92
   137  0059                     _INTF	set	89
   138  005E                     _PEIE	set	94
   139  0030                     _RB0	set	48
   140  003C                     _RC4	set	60
   141  003D                     _RC5	set	61
   142  0065                     _RCIF	set	101
   143  0090                     _T2CKPS0	set	144
   144  0091                     _T2CKPS1	set	145
   145  005D                     _TMR0IE	set	93
   146  005A                     _TMR0IF	set	90
   147  0092                     _TMR2ON	set	146
   148  0093                     _TOUTPS0	set	147
   149  0094                     _TOUTPS1	set	148
   150  0095                     _TOUTPS2	set	149
   151  0096                     _TOUTPS3	set	150
   152  009E                     _ADRESL	set	158
   153  0092                     _PR2	set	146
   154  0085                     _TRISA	set	133
   155  0086                     _TRISB	set	134
   156  0088                     _TRISD	set	136
   157  04FE                     _ADCS2	set	1278
   158  04FF                     _ADFM	set	1279
   159  0466                     _ADIE	set	1126
   160  04E4                     _C1INV	set	1252
   161  04E6                     _C1OUT	set	1254
   162  04E5                     _C2INV	set	1253
   163  04E3                     _CIS	set	1251
   164  04E0                     _CM0	set	1248
   165  04E1                     _CM1	set	1249
   166  04E2                     _CM2	set	1250
   167  046E                     _CMIE	set	1134
   168  040E                     _INTEDG	set	1038
   169  04F8                     _PCFG0	set	1272
   170  04F9                     _PCFG1	set	1273
   171  04FA                     _PCFG2	set	1274
   172  04FB                     _PCFG3	set	1275
   173  0408                     _PS0	set	1032
   174  0409                     _PS1	set	1033
   175  040A                     _PS2	set	1034
   176  040B                     _PSA	set	1035
   177  0465                     _RCIE	set	1125
   178  040D                     _T0CS	set	1037
   179  040C                     _T0SE	set	1036
   180  0428                     _TRISA0	set	1064
   181  0429                     _TRISA1	set	1065
   182  042B                     _TRISA3	set	1067
   183  042C                     _TRISA4	set	1068
   184  043A                     _TRISC2	set	1082
   185                           
   186                           ; #config settings
   187  0000                     
   188                           	psect	cinit
   189  0015                     start_initialization:	
   190  0015                     __initialization:	
   191                           
   192                           ; Clear objects allocated to BITCOMMON
   193  0015  01F7               	clrf	(__pbitbssCOMMON/(0+8))& (0+127)
   194                           
   195                           ; Clear objects allocated to COMMON
   196  0016  01F8               	clrf	__pbssCOMMON& (0+127)
   197  0017  01F9               	clrf	(__pbssCOMMON+1)& (0+127)
   198  0018  01FA               	clrf	(__pbssCOMMON+2)& (0+127)
   199                           
   200                           ; Initialize objects allocated to COMMON
   201  0019  120A  118A  2116   	fcall	__pidataCOMMON	;fetch initializer
   202  001C  00FB               	movwf	__pdataCOMMON& (0+127)
   203  001D                     end_of_initialization:	
   204                           ;End of C runtime variable initialization code
   205                           
   206  001D                     __end_of__initialization:	
   207  001D  0183               	clrf	3
   208  001E  120A  118A  289E   	ljmp	_main	;jump to C main() function
   209                           
   210                           	psect	bitbssCOMMON
   211  03B8                     __pbitbssCOMMON:	
   212  03B8                     _display_flag:	
   213  03B8                     	ds	1
   214  03B9                     _flag:	
   215  03B9                     	ds	1
   216  03BA                     _flagAD:	
   217  03BA                     	ds	1
   218  03BB                     _flagLED:	
   219  03BB                     	ds	1
   220  03BC                     _flagWR:	
   221  03BC                     	ds	1
   222                           
   223                           	psect	bssCOMMON
   224  0078                     __pbssCOMMON:	
   225  0078                     _ad_data:	
   226  0078                     	ds	1
   227  0079                     _cnt_display:	
   228  0079                     	ds	1
   229  007A                     _cnt_teclado:	
   230  007A                     	ds	1
   231                           
   232                           	psect	dataCOMMON
   233  007B                     __pdataCOMMON:	
   234  007B                     _a:	
   235  007B                     	ds	1
   236                           
   237                           	psect	cstackCOMMON
   238  0070                     __pcstackCOMMON:	
   239  0070                     ?_tratar:	
   240  0070                     ??_tratar:	
   241                           ; 0 bytes @ 0x0
   242                           
   243                           
   244                           ; 0 bytes @ 0x0
   245  0070                     	ds	7
   246                           
   247                           	psect	cstackBANK0
   248  0020                     __pcstackBANK0:	
   249  0020                     ?_main:	
   250  0020                     main@argc:	
   251                           ; 2 bytes @ 0x0
   252                           
   253                           
   254                           ; 2 bytes @ 0x0
   255  0020                     	ds	2
   256  0022                     main@argv:	
   257                           
   258                           ; 2 bytes @ 0x2
   259  0022                     	ds	2
   260  0024                     ??_main:	
   261                           
   262                           	psect	maintext
   263  009E                     __pmaintext:	
   264                           ; 0 bytes @ 0x4
   265 ;;
   266 ;;Main: autosize = 0, tempsize = 0, incstack = 0, save=0
   267 ;;
   268 ;; *************** function _main *****************
   269 ;; Defined at:
   270 ;;		line 122 in file "memory_random.c"
   271 ;; Parameters:    Size  Location     Type
   272 ;;  argc            2    0[BANK0 ] int 
   273 ;;  argv            2    2[BANK0 ] PTR PTR unsigned char 
   274 ;; Auto vars:     Size  Location     Type
   275 ;;		None
   276 ;; Return value:  Size  Location     Type
   277 ;;                  2    0[BANK0 ] int 
   278 ;; Registers used:
   279 ;;		wreg, status,2
   280 ;; Tracked objects:
   281 ;;		On entry : 17F/0
   282 ;;		On exit  : 0/0
   283 ;;		Unchanged: 0/0
   284 ;; Data sizes:     COMMON   BANK0   BANK1   BANK3   BANK2
   285 ;;      Params:         0       4       0       0       0
   286 ;;      Locals:         0       0       0       0       0
   287 ;;      Temps:          0       0       0       0       0
   288 ;;      Totals:         0       4       0       0       0
   289 ;;Total ram usage:        4 bytes
   290 ;; Hardware stack levels required when called:    1
   291 ;; This function calls:
   292 ;;		Nothing
   293 ;; This function is called by:
   294 ;;		Startup code after reset
   295 ;; This function uses a non-reentrant model
   296 ;;
   297                           
   298                           
   299                           ;psect for function _main
   300  009E                     _main:	
   301                           
   302                           ;memory_random.c: 125: TRISB = 0xFF;
   303                           
   304                           ;incstack = 0
   305                           ; Regs used in _main: [wreg+status,2]
   306  009E  30FF               	movlw	255
   307  009F  1683               	bsf	3,5	;RP0=1, select bank1
   308  00A0  1303               	bcf	3,6	;RP1=0, select bank1
   309  00A1  0086               	movwf	6	;volatile
   310                           
   311                           ;memory_random.c: 134: TRISD = 0X00;
   312  00A2  0188               	clrf	8	;volatile
   313                           
   314                           ;memory_random.c: 136: TRISA = 0XFF;
   315  00A3  30FF               	movlw	255
   316  00A4  0085               	movwf	5	;volatile
   317                           
   318                           ;memory_random.c: 137: TRISA0 = 1;
   319  00A5  1405               	bsf	5,0	;volatile
   320                           
   321                           ;memory_random.c: 138: TRISA1 = 1;
   322  00A6  1485               	bsf	5,1	;volatile
   323                           
   324                           ;memory_random.c: 139: TRISA3 = 1;
   325  00A7  1585               	bsf	5,3	;volatile
   326                           
   327                           ;memory_random.c: 140: TRISA4 = 0;
   328  00A8  1205               	bcf	5,4	;volatile
   329                           
   330                           ;memory_random.c: 142: TRISC2 = 0;
   331  00A9  1107               	bcf	7,2	;volatile
   332                           
   333                           ;memory_random.c: 146: T0CS = 0;
   334  00AA  1281               	bcf	1,5	;volatile
   335                           
   336                           ;memory_random.c: 147: T0SE = 0;
   337  00AB  1201               	bcf	1,4	;volatile
   338                           
   339                           ;memory_random.c: 148: PSA = 0;
   340  00AC  1181               	bcf	1,3	;volatile
   341                           
   342                           ;memory_random.c: 149: PS2 = 1;
   343  00AD  1501               	bsf	1,2	;volatile
   344                           
   345                           ;memory_random.c: 150: PS1 = 0;
   346  00AE  1081               	bcf	1,1	;volatile
   347                           
   348                           ;memory_random.c: 151: PS0 = 1;
   349  00AF  1401               	bsf	1,0	;volatile
   350                           
   351                           ;memory_random.c: 156: ADCS2 = 0;
   352  00B0  131F               	bcf	31,6	;volatile
   353                           
   354                           ;memory_random.c: 157: ADCS1 = 1;
   355  00B1  1283               	bcf	3,5	;RP0=0, select bank0
   356  00B2  1303               	bcf	3,6	;RP1=0, select bank0
   357  00B3  179F               	bsf	31,7	;volatile
   358                           
   359                           ;memory_random.c: 158: ADCS0 = 0;
   360  00B4  131F               	bcf	31,6	;volatile
   361                           
   362                           ;memory_random.c: 160: CHS2 = 0;
   363  00B5  129F               	bcf	31,5	;volatile
   364                           
   365                           ;memory_random.c: 161: CHS1 = 0;
   366  00B6  121F               	bcf	31,4	;volatile
   367                           
   368                           ;memory_random.c: 162: CHS0 = 1;
   369  00B7  159F               	bsf	31,3	;volatile
   370                           
   371                           ;memory_random.c: 164: ADFM = 0;
   372  00B8  1683               	bsf	3,5	;RP0=1, select bank1
   373  00B9  1303               	bcf	3,6	;RP1=0, select bank1
   374  00BA  139F               	bcf	31,7	;volatile
   375                           
   376                           ;memory_random.c: 168: PCFG3 = 0;
   377  00BB  119F               	bcf	31,3	;volatile
   378                           
   379                           ;memory_random.c: 169: PCFG2 = 1;
   380  00BC  151F               	bsf	31,2	;volatile
   381                           
   382                           ;memory_random.c: 170: PCFG1 = 0;
   383  00BD  109F               	bcf	31,1	;volatile
   384                           
   385                           ;memory_random.c: 171: PCFG0 = 0;
   386  00BE  101F               	bcf	31,0	;volatile
   387                           
   388                           ;memory_random.c: 176: CM2 = 0;
   389  00BF  111C               	bcf	28,2	;volatile
   390                           
   391                           ;memory_random.c: 177: CM1 = 0;
   392  00C0  109C               	bcf	28,1	;volatile
   393                           
   394                           ;memory_random.c: 178: CM0 = 1;
   395  00C1  141C               	bsf	28,0	;volatile
   396                           
   397                           ;memory_random.c: 180: CIS = 0;
   398  00C2  119C               	bcf	28,3	;volatile
   399                           
   400                           ;memory_random.c: 182: C1INV = 1;
   401  00C3  161C               	bsf	28,4	;volatile
   402                           
   403                           ;memory_random.c: 183: C2INV = 0;
   404  00C4  129C               	bcf	28,5	;volatile
   405                           
   406                           ;memory_random.c: 187: TOUTPS3 = 0;
   407  00C5  1283               	bcf	3,5	;RP0=0, select bank0
   408  00C6  1303               	bcf	3,6	;RP1=0, select bank0
   409  00C7  1312               	bcf	18,6	;volatile
   410                           
   411                           ;memory_random.c: 188: TOUTPS2 = 0;
   412  00C8  1292               	bcf	18,5	;volatile
   413                           
   414                           ;memory_random.c: 189: TOUTPS1 = 0;
   415  00C9  1212               	bcf	18,4	;volatile
   416                           
   417                           ;memory_random.c: 190: TOUTPS0 = 0;
   418  00CA  1192               	bcf	18,3	;volatile
   419                           
   420                           ;memory_random.c: 192: T2CKPS1 = 0;
   421  00CB  1092               	bcf	18,1	;volatile
   422                           
   423                           ;memory_random.c: 193: T2CKPS0 = 0;
   424  00CC  1012               	bcf	18,0	;volatile
   425                           
   426                           ;memory_random.c: 197: CCPR1L = 0;
   427  00CD  0195               	clrf	21	;volatile
   428                           
   429                           ;memory_random.c: 198: CCP1X = 0;
   430  00CE  1297               	bcf	23,5	;volatile
   431                           
   432                           ;memory_random.c: 199: CCP1Y = 0;
   433  00CF  1217               	bcf	23,4	;volatile
   434                           
   435                           ;memory_random.c: 202: CCP1M3 = 1;
   436  00D0  1597               	bsf	23,3	;volatile
   437                           
   438                           ;memory_random.c: 203: CCP1M2 = 1;
   439  00D1  1517               	bsf	23,2	;volatile
   440                           
   441                           ;memory_random.c: 204: CCP1M1 = 1;
   442  00D2  1497               	bsf	23,1	;volatile
   443                           
   444                           ;memory_random.c: 205: CCP1M0 = 1;
   445  00D3  1417               	bsf	23,0	;volatile
   446                           
   447                           ;memory_random.c: 207: PR2 = 255;
   448  00D4  30FF               	movlw	255
   449  00D5  1683               	bsf	3,5	;RP0=1, select bank1
   450  00D6  1303               	bcf	3,6	;RP1=0, select bank1
   451  00D7  0092               	movwf	18	;volatile
   452                           
   453                           ;memory_random.c: 211: INTEDG = 1;
   454  00D8  1701               	bsf	1,6	;volatile
   455                           
   456                           ;memory_random.c: 212: INTF = 0;
   457  00D9  108B               	bcf	11,1	;volatile
   458                           
   459                           ;memory_random.c: 213: INTE = 1;
   460  00DA  160B               	bsf	11,4	;volatile
   461                           
   462                           ;memory_random.c: 215: ADIF = 0;
   463  00DB  1283               	bcf	3,5	;RP0=0, select bank0
   464  00DC  1303               	bcf	3,6	;RP1=0, select bank0
   465  00DD  130C               	bcf	12,6	;volatile
   466                           
   467                           ;memory_random.c: 216: ADIE = 1;
   468  00DE  1683               	bsf	3,5	;RP0=1, select bank1
   469  00DF  1303               	bcf	3,6	;RP1=0, select bank1
   470  00E0  170C               	bsf	12,6	;volatile
   471                           
   472                           ;memory_random.c: 217: CMIF = 0;
   473  00E1  1283               	bcf	3,5	;RP0=0, select bank0
   474  00E2  1303               	bcf	3,6	;RP1=0, select bank0
   475  00E3  130D               	bcf	13,6	;volatile
   476                           
   477                           ;memory_random.c: 218: CMIE = 1;
   478  00E4  1683               	bsf	3,5	;RP0=1, select bank1
   479  00E5  1303               	bcf	3,6	;RP1=0, select bank1
   480  00E6  170D               	bsf	13,6	;volatile
   481                           
   482                           ;memory_random.c: 219: TMR0IF = 0;
   483  00E7  110B               	bcf	11,2	;volatile
   484                           
   485                           ;memory_random.c: 220: TMR0IE = 1;
   486  00E8  168B               	bsf	11,5	;volatile
   487                           
   488                           ;memory_random.c: 222: RCIF = 0 ;
   489  00E9  1283               	bcf	3,5	;RP0=0, select bank0
   490  00EA  1303               	bcf	3,6	;RP1=0, select bank0
   491  00EB  128C               	bcf	12,5	;volatile
   492                           
   493                           ;memory_random.c: 223: RCIE = 1;
   494  00EC  1683               	bsf	3,5	;RP0=1, select bank1
   495  00ED  1303               	bcf	3,6	;RP1=0, select bank1
   496  00EE  168C               	bsf	12,5	;volatile
   497                           
   498                           ;memory_random.c: 224: PEIE = 1;
   499  00EF  170B               	bsf	11,6	;volatile
   500                           
   501                           ;memory_random.c: 225: GIE = 1;
   502  00F0  178B               	bsf	11,7	;volatile
   503                           
   504                           ;memory_random.c: 231: TMR2ON = 1;
   505  00F1  1283               	bcf	3,5	;RP0=0, select bank0
   506  00F2  1303               	bcf	3,6	;RP1=0, select bank0
   507  00F3  1512               	bsf	18,2	;volatile
   508                           
   509                           ;memory_random.c: 233: ADON = 1;
   510  00F4  141F               	bsf	31,0	;volatile
   511                           
   512                           ;memory_random.c: 234: _delay((unsigned long)((1)*(20000000/4000000.0)));
   513  00F5  28F6               	nop2	;2 cycle nop
   514  00F6  28F7               	nop2	;2 cycle nop
   515  00F7  0000               	nop
   516                           
   517                           ;memory_random.c: 235: GO_DONE = 1;
   518  00F8  1283               	bcf	3,5	;RP0=0, select bank0
   519  00F9  1303               	bcf	3,6	;RP1=0, select bank0
   520  00FA  151F               	bsf	31,2	;volatile
   521                           
   522                           ;memory_random.c: 238: _delay((unsigned long)((1)*(20000000/4000000.0)));
   523  00FB  28FC               	nop2	;2 cycle nop
   524  00FC  28FD               	nop2	;2 cycle nop
   525  00FD  0000               	nop
   526  00FE                     l1075:	
   527                           ;memory_random.c: 243: while(1)
   528                           
   529                           
   530                           ;memory_random.c: 249: {
   531                           
   532                           ;memory_random.c: 246: {
   533                           ;memory_random.c: 248: }else
   534  00FE  28FE               	goto	l1075
   535  00FF                     __end_of_main:	
   536                           
   537                           	psect	text1
   538  0021                     __ptext1:	
   539 ;; *************** function _tratar *****************
   540 ;; Defined at:
   541 ;;		line 59 in file "memory_random.c"
   542 ;; Parameters:    Size  Location     Type
   543 ;;		None
   544 ;; Auto vars:     Size  Location     Type
   545 ;;		None
   546 ;; Return value:  Size  Location     Type
   547 ;;		None               void
   548 ;; Registers used:
   549 ;;		wreg, status,2, status,0
   550 ;; Tracked objects:
   551 ;;		On entry : 0/0
   552 ;;		On exit  : 0/0
   553 ;;		Unchanged: 0/0
   554 ;; Data sizes:     COMMON   BANK0   BANK1   BANK3   BANK2
   555 ;;      Params:         0       0       0       0       0
   556 ;;      Locals:         0       0       0       0       0
   557 ;;      Temps:          7       0       0       0       0
   558 ;;      Totals:         7       0       0       0       0
   559 ;;Total ram usage:        7 bytes
   560 ;; Hardware stack levels used:    1
   561 ;; This function calls:
   562 ;;		Nothing
   563 ;; This function is called by:
   564 ;;		Interrupt level 1
   565 ;; This function uses a non-reentrant model
   566 ;;
   567                           
   568                           
   569                           ;psect for function _tratar
   570  0021                     _tratar:	
   571                           
   572                           ;memory_random.c: 61: if(INTF)
   573  0021  1C8B               	btfss	11,1	;volatile
   574  0022  2837               	goto	i1l655
   575                           
   576                           ;memory_random.c: 62: {
   577                           ;memory_random.c: 63: _delay((unsigned long)((100)*(20000000/4000.0)));
   578  0023  3003               	movlw	3
   579  0024  00F2               	movwf	??_tratar+2
   580  0025  308A               	movlw	138
   581  0026  00F1               	movwf	??_tratar+1
   582  0027  3056               	movlw	86
   583  0028  00F0               	movwf	??_tratar
   584  0029                     u17_27:	
   585  0029  0BF0               	decfsz	??_tratar,f
   586  002A  2829               	goto	u17_27
   587  002B  0BF1               	decfsz	??_tratar+1,f
   588  002C  2829               	goto	u17_27
   589  002D  0BF2               	decfsz	??_tratar+2,f
   590  002E  2829               	goto	u17_27
   591  002F  2830               	nop2
   592                           
   593                           ;memory_random.c: 64: if(RB0)
   594  0030  1283               	bcf	3,5	;RP0=0, select bank0
   595  0031  1303               	bcf	3,6	;RP1=0, select bank0
   596  0032  1C06               	btfss	6,0	;volatile
   597  0033  2836               	goto	i1l653
   598                           
   599                           ;memory_random.c: 65: {
   600                           ;memory_random.c: 66: flag = ~flag;
   601  0034  3002               	movlw	(0+1) shl (_flag& (0+7))
   602  0035  06F7               	xorwf	_flag/(0+8),f
   603  0036                     i1l653:	
   604                           
   605                           ;memory_random.c: 67: }
   606                           ;memory_random.c: 68: INTF = 0;
   607  0036  108B               	bcf	11,1	;volatile
   608  0037                     i1l655:	
   609                           
   610                           ;memory_random.c: 69: }
   611                           ;memory_random.c: 71: if(TMR0IF)
   612  0037  1D0B               	btfss	11,2	;volatile
   613  0038  2859               	goto	i1l667
   614                           
   615                           ;memory_random.c: 72: {
   616                           ;memory_random.c: 74: if(cnt_display < 2)
   617  0039  3002               	movlw	2
   618  003A  0279               	subwf	_cnt_display,w
   619  003B  1803               	skipnc
   620  003C  2857               	goto	i1l663
   621                           
   622                           ;memory_random.c: 75: {
   623                           ;memory_random.c: 76: RC4 = cnt_display;
   624  003D  1C79               	btfss	_cnt_display,0
   625  003E  2843               	goto	u5_20
   626  003F  1283               	bcf	3,5	;RP0=0, select bank0
   627  0040  1303               	bcf	3,6	;RP1=0, select bank0
   628  0041  1607               	bsf	7,4	;volatile
   629  0042  2846               	goto	u6_24
   630  0043                     u5_20:	
   631  0043  1283               	bcf	3,5	;RP0=0, select bank0
   632  0044  1303               	bcf	3,6	;RP1=0, select bank0
   633  0045  1207               	bcf	7,4	;volatile
   634  0046                     u6_24:	
   635                           
   636                           ;memory_random.c: 77: RC5 = ~cnt_display;
   637  0046  1879               	btfsc	_cnt_display,0
   638  0047  284C               	goto	u7_20
   639  0048  1283               	bcf	3,5	;RP0=0, select bank0
   640  0049  1303               	bcf	3,6	;RP1=0, select bank0
   641  004A  1687               	bsf	7,5	;volatile
   642  004B  284F               	goto	u8_24
   643  004C                     u7_20:	
   644  004C  1283               	bcf	3,5	;RP0=0, select bank0
   645  004D  1303               	bcf	3,6	;RP1=0, select bank0
   646  004E  1287               	bcf	7,5	;volatile
   647  004F                     u8_24:	
   648                           
   649                           ;memory_random.c: 78: display_flag = cnt_display;
   650  004F  1077               	bcf	_display_flag/(0+8),_display_flag& (0+7)
   651  0050  1879               	btfsc	_cnt_display,0
   652  0051  1477               	bsf	_display_flag/(0+8),_display_flag& (0+7)
   653                           
   654                           ;memory_random.c: 79: cnt_display++;
   655  0052  3001               	movlw	1
   656  0053  00F0               	movwf	??_tratar
   657  0054  0870               	movf	??_tratar,w
   658  0055  07F9               	addwf	_cnt_display,f
   659                           
   660                           ;memory_random.c: 80: }else
   661  0056  2858               	goto	i1l665
   662  0057                     i1l663:	
   663                           
   664                           ;memory_random.c: 81: {
   665                           ;memory_random.c: 82: cnt_display = 0;
   666  0057  01F9               	clrf	_cnt_display
   667  0058                     i1l665:	
   668                           
   669                           ;memory_random.c: 83: }
   670                           ;memory_random.c: 85: TMR0IF = 0;
   671  0058  110B               	bcf	11,2	;volatile
   672  0059                     i1l667:	
   673                           
   674                           ;memory_random.c: 86: }
   675                           ;memory_random.c: 88: if(ADIF)
   676  0059  1283               	bcf	3,5	;RP0=0, select bank0
   677  005A  1303               	bcf	3,6	;RP1=0, select bank0
   678  005B  1F0C               	btfss	12,6	;volatile
   679  005C  287F               	goto	i1l683
   680                           
   681                           ;memory_random.c: 89: {
   682                           ;memory_random.c: 90: ad_data = ADRESH;
   683  005D  081E               	movf	30,w	;volatile
   684  005E  00F0               	movwf	??_tratar
   685  005F  0870               	movf	??_tratar,w
   686  0060  00F8               	movwf	_ad_data
   687                           
   688                           ;memory_random.c: 94: CCPR1L = ad_data;
   689  0061  0878               	movf	_ad_data,w
   690  0062  0095               	movwf	21	;volatile
   691                           
   692                           ;memory_random.c: 95: CCP1X = ADRESL >> 7 ;
   693  0063  1683               	bsf	3,5	;RP0=1, select bank1
   694  0064  1303               	bcf	3,6	;RP1=0, select bank1
   695  0065  081E               	movf	30,w	;volatile
   696  0066  00F0               	movwf	??_tratar
   697  0067  3007               	movlw	7
   698  0068                     u11_25:	
   699  0068  1003               	clrc
   700  0069  0CF0               	rrf	??_tratar,f
   701  006A  3EFF               	addlw	-1
   702  006B  1D03               	skipz
   703  006C  2868               	goto	u11_25
   704  006D  1C70               	btfss	??_tratar,0
   705  006E  2873               	goto	u12_20
   706  006F  1283               	bcf	3,5	;RP0=0, select bank0
   707  0070  1303               	bcf	3,6	;RP1=0, select bank0
   708  0071  1697               	bsf	23,5	;volatile
   709  0072  2876               	goto	i1l673
   710  0073                     u12_20:	
   711  0073  1283               	bcf	3,5	;RP0=0, select bank0
   712  0074  1303               	bcf	3,6	;RP1=0, select bank0
   713  0075  1297               	bcf	23,5	;volatile
   714  0076                     i1l673:	
   715                           
   716                           ;memory_random.c: 96: CCP1Y = (ADRESL & 0b0100000) >> 6;
   717  0076  1683               	bsf	3,5	;RP0=1, select bank1
   718  0077  1303               	bcf	3,6	;RP1=0, select bank1
   719  0078  081E               	movf	30,w	;volatile
   720  0079  1283               	bcf	3,5	;RP0=0, select bank0
   721  007A  1303               	bcf	3,6	;RP1=0, select bank0
   722  007B  1217               	bcf	23,4	;volatile
   723                           
   724                           ;memory_random.c: 99: flagAD = 1;
   725  007C  1577               	bsf	_flagAD/(0+8),_flagAD& (0+7)
   726                           
   727                           ;memory_random.c: 100: GO_DONE = 1;
   728  007D  151F               	bsf	31,2	;volatile
   729                           
   730                           ;memory_random.c: 101: ADIF = 0;
   731  007E  130C               	bcf	12,6	;volatile
   732  007F                     i1l683:	
   733                           
   734                           ;memory_random.c: 102: }
   735                           ;memory_random.c: 104: if(CMIF)
   736  007F  1F0D               	btfss	13,6	;volatile
   737  0080  288B               	goto	i1l167
   738                           
   739                           ;memory_random.c: 105: {
   740                           ;memory_random.c: 106: if(C1OUT) flag = 1;
   741  0081  1683               	bsf	3,5	;RP0=1, select bank1
   742  0082  1303               	bcf	3,6	;RP1=0, select bank1
   743  0083  1F1C               	btfss	28,6	;volatile
   744  0084  2887               	goto	i1l168
   745  0085  14F7               	bsf	_flag/(0+8),_flag& (0+7)
   746  0086  2888               	goto	i1l169
   747  0087                     i1l168:	
   748                           
   749                           ;memory_random.c: 107: else flag = 0;
   750  0087  10F7               	bcf	_flag/(0+8),_flag& (0+7)
   751  0088                     i1l169:	
   752                           
   753                           ;memory_random.c: 109: CMIF = 0;
   754  0088  1283               	bcf	3,5	;RP0=0, select bank0
   755  0089  1303               	bcf	3,6	;RP1=0, select bank0
   756  008A  130D               	bcf	13,6	;volatile
   757  008B                     i1l167:	
   758                           
   759                           ;memory_random.c: 110: }
   760                           ;memory_random.c: 112: if(RCIF)
   761  008B  1E8C               	btfss	12,5	;volatile
   762  008C  2893               	goto	i1l171
   763                           
   764                           ;memory_random.c: 113: {
   765                           ;memory_random.c: 114: flagWR = 1;
   766  008D  1677               	bsf	_flagWR/(0+8),_flagWR& (0+7)
   767                           
   768                           ;memory_random.c: 115: a = RCREG;
   769  008E  081A               	movf	26,w	;volatile
   770  008F  00F0               	movwf	??_tratar
   771  0090  0870               	movf	??_tratar,w
   772  0091  00FB               	movwf	_a
   773                           
   774                           ;memory_random.c: 116: RCIF = 0;
   775  0092  128C               	bcf	12,5	;volatile
   776  0093                     i1l171:	
   777  0093  0876               	movf	??_tratar+6,w
   778  0094  00FF               	movwf	127
   779  0095  0875               	movf	??_tratar+5,w
   780  0096  008A               	movwf	10
   781  0097  0874               	movf	??_tratar+4,w
   782  0098  0084               	movwf	4
   783  0099  0E73               	swapf	(??_tratar+3)^(0+-128),w
   784  009A  0083               	movwf	3
   785  009B  0EFE               	swapf	126,f
   786  009C  0E7E               	swapf	126,w
   787  009D  0009               	retfie
   788  009E                     __end_of_tratar:	
   789  007E                     btemp	set	126	;btemp
   790  007E                     wtemp	set	126
   791  007E                     wtemp0	set	126
   792  0080                     wtemp1	set	128
   793  0082                     wtemp2	set	130
   794  0084                     wtemp3	set	132
   795  0086                     wtemp4	set	134
   796  0088                     wtemp5	set	136
   797  007F                     wtemp6	set	127
   798  007E                     ttemp	set	126
   799  007E                     ttemp0	set	126
   800  0081                     ttemp1	set	129
   801  0084                     ttemp2	set	132
   802  0087                     ttemp3	set	135
   803  007F                     ttemp4	set	127
   804  007E                     ltemp	set	126
   805  007E                     ltemp0	set	126
   806  0082                     ltemp1	set	130
   807  0086                     ltemp2	set	134
   808  0080                     ltemp3	set	128
   809                           
   810                           	psect	intentry
   811  0004                     __pintentry:	
   812                           ;incstack = 0
   813                           ; Regs used in _tratar: [wreg+status,2+status,0]
   814                           
   815  0004                     interrupt_function:	
   816  007E                     saved_w	set	btemp
   817  0004  00FE               	movwf	btemp
   818  0005  0E03               	swapf	3,w
   819  0006  00F3               	movwf	??_tratar+3
   820  0007  0804               	movf	4,w
   821  0008  00F4               	movwf	??_tratar+4
   822  0009  080A               	movf	10,w
   823  000A  00F5               	movwf	??_tratar+5
   824  000B  1283               	bcf	3,5	;RP0=0, select bank0
   825  000C  1303               	bcf	3,6	;RP1=0, select bank0
   826  000D  087F               	movf	btemp+1,w
   827  000E  00F6               	movwf	??_tratar+6
   828  000F  120A  118A  2821   	ljmp	_tratar


Data Sizes:
    Strings     0
    Constant    16
    Data        1
    BSS         3
    Persistent  0
    Stack       0

Auto Spaces:
    Space          Size  Autos    Used
    COMMON           14      7      12
    BANK0            80      4       4
    BANK1            80      0       0
    BANK3            96      0       0
    BANK2            96      0       0

Pointer List with Targets:

    None.

Critical Paths under _main in COMMON

    None.

Critical Paths under _tratar in COMMON

    None.

Critical Paths under _main in BANK0

    None.

Critical Paths under _tratar in BANK0

    None.

Critical Paths under _main in BANK1

    None.

Critical Paths under _tratar in BANK1

    None.

Critical Paths under _main in BANK3

    None.

Critical Paths under _tratar in BANK3

    None.

Critical Paths under _main in BANK2

    None.

Critical Paths under _tratar in BANK2

    None.

Call Graph Tables:

 ---------------------------------------------------------------------------------
 (Depth) Function   	        Calls       Base Space   Used Autos Params    Refs
 ---------------------------------------------------------------------------------
 (0) _main                                                 4     0      4       0
                                              0 BANK0      4     0      4
 ---------------------------------------------------------------------------------
 Estimated maximum stack depth 0
 ---------------------------------------------------------------------------------
 (Depth) Function   	        Calls       Base Space   Used Autos Params    Refs
 ---------------------------------------------------------------------------------
 (1) _tratar                                               7     7      0       0
                                              0 COMMON     7     7      0
 ---------------------------------------------------------------------------------
 Estimated maximum stack depth 1
 ---------------------------------------------------------------------------------

 Call Graph Graphs:

 _main (ROOT)

 _tratar (ROOT)

 Address spaces:
Name               Size   Autos  Total    Cost      Usage
BANK3               60      0       0       9        0.0%
BITBANK3            60      0       0       8        0.0%
SFR3                 0      0       0       4        0.0%
BITSFR3              0      0       0       4        0.0%
BANK2               60      0       0      11        0.0%
BITBANK2            60      0       0      10        0.0%
SFR2                 0      0       0       5        0.0%
BITSFR2              0      0       0       5        0.0%
BANK1               50      0       0       7        0.0%
BITBANK1            50      0       0       6        0.0%
SFR1                 0      0       0       2        0.0%
BITSFR1              0      0       0       2        0.0%
BANK0               50      4       4       5        5.0%
BITBANK0            50      0       0       4        0.0%
SFR0                 0      0       0       1        0.0%
BITSFR0              0      0       0       1        0.0%
COMMON               E      7       C       1       85.7%
BITCOMMON            E      0       1       0        7.1%
CODE                 0      0       0       0        0.0%
DATA                 0      0      10      12        0.0%
ABS                  0      0      10       3        0.0%
NULL                 0      0       0       0        0.0%
STACK                0      0       0       2        0.0%
EEDATA             100      0       0       0        0.0%


Microchip Technology PIC Macro Assembler V1.33 build 59893 
Symbol Table                                                                                   Tue Mar 29 23:33:07 2016

                      _a 007B                        pc 0002              __CFG_CP$OFF 0000  
                     fsr 0004                      _CM0 04E0                      _CM1 04E1  
                    _CM2 04E2                      _CIS 04E3                      _GIE 005F  
                    _RB0 0030                      _RC4 003C                      _RC5 003D  
                    _PS0 0408                      _PR2 0092                      _PS1 0409  
                    _PS2 040A             __CFG_CPD$OFF 0000                      _PSA 040B  
                    fsr0 0004             __CFG_FOSC$HS 0000             __CFG_LVP$OFF 0000  
                   l1075 00FE                     _ADIE 0466                     _ADIF 0066  
                   _ADFM 04FF                     _ADON 00F8                     _CHS0 00FB  
                   _CHS1 00FC                     _CHS2 00FD                     _CMIE 046E  
                   _CMIF 006E                     _T0CS 040D                     _T0SE 040C  
                   _PEIE 005E                     _INTE 005C                     _INTF 0059  
                   _RCIE 0465                     _RCIF 0065                     u5_20 0043  
                   u6_24 0046                     u7_20 004C                     u8_24 004F  
           __CFG_WRT$OFF 0000                     _flag 03B9                     _main 009E  
                   btemp 007E                     ltemp 007E                     start 0012  
                   ttemp 007E                     wtemp 007E                    _C1INV 04E4  
                  _C2INV 04E5                    _C1OUT 04E6                    _ADCS0 00FE  
                  _ADCS1 00FF                    _ADCS2 04FE                    ?_main 0020  
                  _CCP1X 00BD                    _CCP1Y 00BC            __CFG_WDTE$OFF 0000  
                  _PCFG0 04F8                    _PCFG1 04F9                    _PCFG2 04FA  
                  _PCFG3 04FB                    i1l171 0093                    i1l167 008B  
                  i1l168 0087                    i1l169 0088                    i1l653 0036  
                  i1l663 0057                    i1l655 0037                    i1l673 0076  
                  i1l665 0058                    i1l683 007F                    i1l667 0059  
                  _RCREG 001A                    u11_25 0068                    u12_20 0073  
                  u17_27 0029                    _TRISA 0085                    _TRISB 0086  
                  _TRISD 0088           __pbitbssCOMMON 03B8           __CFG_BOREN$OFF 0000  
                  pclath 000A                    ltemp0 007E                    ltemp1 0082  
                  ltemp2 0086                    ltemp3 0080                    ttemp0 007E  
                  ttemp1 0081                    ttemp2 0084                    ttemp3 0087  
                  ttemp4 007F                    status 0003                    wtemp0 007E  
                  wtemp1 0080                    wtemp2 0082                    wtemp3 0084  
                  wtemp4 0086                    wtemp5 0088                    wtemp6 007F  
        __initialization 0015             __end_of_main 00FF                   ??_main 0024  
                 _CCP1M0 00B8                   _CCP1M1 00B9                   _CCP1M2 00BA  
                 _CCP1M3 00BB                   _ADRESH 001E                   _ADRESL 009E  
                 _CCPR1L 0015                   _INTEDG 040E                   _TMR0IE 005D  
                 _TMR0IF 005A                   _TMR2ON 0092                   _TRISA0 0428  
                 _TRISA1 0429                   _TRISA3 042B                   _TRISA4 042C  
                 _TRISC2 043A           __CFG_PWRTE$OFF 0000                   _flagAD 03BA  
                 _flagWR 03BC                   _digito 0106                   _tratar 0021  
           __pdataCOMMON 007B                   saved_w 007E  __end_of__initialization 001D  
         __pcstackCOMMON 0070               __pmaintext 009E               __pintentry 0004  
                ?_tratar 0070                  _T2CKPS0 0090                  _T2CKPS1 0091  
                _GO_DONE 00FA                  _TOUTPS0 0093                  _TOUTPS1 0094  
                _TOUTPS2 0095                  _TOUTPS3 0096               __stringtab 0100  
                _ad_data 0078                  _flagLED 03BB                  __ptext1 0021  
        __size_of_tratar 007D     end_of_initialization 001D             _display_flag 03B8  
          __pidataCOMMON 0116           __end_of_digito 0116           __end_of_tratar 009E  
    start_initialization 0015                 ??_tratar 0070              __pbssCOMMON 0078  
              ___latbits 0002            __pcstackBANK0 0020                __pstrings 0100  
      interrupt_function 0004              _cnt_display 0079              _cnt_teclado 007A  
            __stringbase 0105       __end_of__stringtab 0106            __size_of_main 0061  
               main@argc 0020                 main@argv 0022                 intlevel1 0000  
              stringcode 0100                 stringdir 0100                 stringtab 0100  
