

Microchip Technology PIC LITE Macro Assembler V1.36 build -262312587 
                                                                                               Thu Apr 28 11:39:55 2016

Microchip Technology Omniscient Code Generator v1.36 (Free mode) build 201601150325
     1                           	processor	16F877A
     2                           	opt	pw 120
     3                           	opt	lm
     4                           	psect	idataBANK0,global,class=CODE,delta=2
     5                           	psect	cinit,global,class=CODE,merge=1,delta=2
     6                           	psect	bitbssCOMMON,global,bit,class=COMMON,space=1,delta=1
     7                           	psect	bssCOMMON,global,class=COMMON,space=1,delta=1
     8                           	psect	dataBANK0,global,class=BANK0,space=1,delta=1
     9                           	psect	cstackCOMMON,global,class=COMMON,space=1,delta=1
    10                           	psect	cstackBANK0,global,class=BANK0,space=1,delta=1
    11                           	psect	maintext,global,class=CODE,split=1,delta=2
    12                           	psect	text1,local,class=CODE,merge=1,delta=2
    13                           	psect	text2,local,class=CODE,merge=1,delta=2
    14                           	psect	text3,local,class=CODE,merge=1,delta=2
    15                           	psect	intentry,global,class=CODE,delta=2
    16                           	dabs	1,0x7E,2
    17  0000                     	;# 
    18  0001                     	;# 
    19  0002                     	;# 
    20  0003                     	;# 
    21  0004                     	;# 
    22  0005                     	;# 
    23  0006                     	;# 
    24  0007                     	;# 
    25  0008                     	;# 
    26  0009                     	;# 
    27  000A                     	;# 
    28  000B                     	;# 
    29  000C                     	;# 
    30  000D                     	;# 
    31  000E                     	;# 
    32  000E                     	;# 
    33  000F                     	;# 
    34  0010                     	;# 
    35  0011                     	;# 
    36  0012                     	;# 
    37  0013                     	;# 
    38  0014                     	;# 
    39  0015                     	;# 
    40  0015                     	;# 
    41  0016                     	;# 
    42  0017                     	;# 
    43  0018                     	;# 
    44  0019                     	;# 
    45  001A                     	;# 
    46  001B                     	;# 
    47  001B                     	;# 
    48  001C                     	;# 
    49  001D                     	;# 
    50  001E                     	;# 
    51  001F                     	;# 
    52  0081                     	;# 
    53  0085                     	;# 
    54  0086                     	;# 
    55  0087                     	;# 
    56  0088                     	;# 
    57  0089                     	;# 
    58  008C                     	;# 
    59  008D                     	;# 
    60  008E                     	;# 
    61  0091                     	;# 
    62  0092                     	;# 
    63  0093                     	;# 
    64  0094                     	;# 
    65  0098                     	;# 
    66  0099                     	;# 
    67  009C                     	;# 
    68  009D                     	;# 
    69  009E                     	;# 
    70  009F                     	;# 
    71  010C                     	;# 
    72  010D                     	;# 
    73  010E                     	;# 
    74  010F                     	;# 
    75  018C                     	;# 
    76  018D                     	;# 
    77                           
    78                           	psect	idataBANK0
    79  0108                     __pidataBANK0:	
    80                           
    81                           ;initializer for _controle
    82  0108  3401               	retlw	1
    83  0006                     _PORTB	set	6
    84  0007                     _PORTC	set	7
    85  0001                     _TMR0	set	1
    86  005F                     _GIE	set	95
    87  005E                     _PEIE	set	94
    88  0030                     _RB0	set	48
    89  0031                     _RB1	set	49
    90  0032                     _RB2	set	50
    91  0033                     _RB3	set	51
    92  0034                     _RB4	set	52
    93  0035                     _RB5	set	53
    94  0036                     _RB6	set	54
    95  0037                     _RB7	set	55
    96  0038                     _RC0	set	56
    97  005D                     _TMR0IE	set	93
    98  005A                     _TMR0IF	set	90
    99  0081                     _OPTION_REG	set	129
   100  0086                     _TRISB	set	134
   101  0087                     _TRISC	set	135
   102  0408                     _PS0	set	1032
   103  0409                     _PS1	set	1033
   104  040A                     _PS2	set	1034
   105  040B                     _PSA	set	1035
   106  040D                     _T0CS	set	1037
   107  040C                     _T0SE	set	1036
   108                           
   109                           ; #config settings
   110  0000                     
   111                           	psect	cinit
   112  0015                     start_initialization:	
   113  0015                     __initialization:	
   114                           
   115                           ; Clear objects allocated to BITCOMMON
   116  0015  01F7               	clrf	(__pbitbssCOMMON/(0+8))& (0+127)
   117                           
   118                           ; Clear objects allocated to COMMON
   119  0016  01F8               	clrf	__pbssCOMMON& (0+127)
   120                           
   121                           ; Initialize objects allocated to BANK0
   122  0017  120A  118A  2108   	fcall	__pidataBANK0	;fetch initializer
   123  001A  00A4               	movwf	__pdataBANK0& (0+127)
   124  001B                     end_of_initialization:	
   125                           ;End of C runtime variable initialization code
   126                           
   127  001B                     __end_of__initialization:	
   128  001B  0183               	clrf	3
   129  001C  120A  118A  28C7   	ljmp	_main	;jump to C main() function
   130                           
   131                           	psect	bitbssCOMMON
   132  03B8                     __pbitbssCOMMON:	
   133  03B8                     _flag_teclado:	
   134  03B8                     	ds	1
   135                           
   136                           	psect	bssCOMMON
   137  0078                     __pbssCOMMON:	
   138  0078                     _counter_teclado:	
   139  0078                     	ds	1
   140                           
   141                           	psect	dataBANK0
   142  0024                     __pdataBANK0:	
   143  0024                     _controle:	
   144  0024                     	ds	1
   145                           
   146                           	psect	cstackCOMMON
   147  0070                     __pcstackCOMMON:	
   148  0070                     ?_pulse:	
   149  0070                     ?_keyPressed:	
   150                           ; 1 bytes @ 0x0
   151                           
   152  0070                     ?_interrupcao:	
   153                           ; 1 bytes @ 0x0
   154                           
   155  0070                     ??_interrupcao:	
   156                           ; 1 bytes @ 0x0
   157                           
   158  0070                     ?_main:	
   159                           ; 1 bytes @ 0x0
   160                           
   161                           
   162                           ; 1 bytes @ 0x0
   163  0070                     	ds	5
   164  0075                     pulse@number:	
   165                           
   166                           ; 1 bytes @ 0x5
   167  0075                     	ds	1
   168  0076                     pulse@i:	
   169                           
   170                           ; 1 bytes @ 0x6
   171  0076                     	ds	1
   172  0077                     ??_main:	
   173                           
   174                           	psect	cstackBANK0
   175  0020                     __pcstackBANK0:	
   176                           ; 1 bytes @ 0x7
   177                           
   178  0020                     ??_pulse:	
   179                           
   180                           ; 1 bytes @ 0x0
   181  0020                     	ds	3
   182  0023                     ??_keyPressed:	
   183                           
   184                           ; 1 bytes @ 0x3
   185  0023                     	ds	1
   186                           
   187                           	psect	maintext
   188  00C7                     __pmaintext:	
   189 ;;
   190 ;;Main: autosize = 0, tempsize = 0, incstack = 0, save=0
   191 ;;
   192 ;; *************** function _main *****************
   193 ;; Defined at:
   194 ;;		line 25 in file "teclado.c"
   195 ;; Parameters:    Size  Location     Type
   196 ;;		None
   197 ;; Auto vars:     Size  Location     Type
   198 ;;		None
   199 ;; Return value:  Size  Location     Type
   200 ;;                  1    wreg      void 
   201 ;; Registers used:
   202 ;;		wreg, status,2, status,0, pclath, cstack
   203 ;; Tracked objects:
   204 ;;		On entry : B00/0
   205 ;;		On exit  : 0/0
   206 ;;		Unchanged: 0/0
   207 ;; Data sizes:     COMMON   BANK0   BANK1   BANK3   BANK2
   208 ;;      Params:         0       0       0       0       0
   209 ;;      Locals:         0       0       0       0       0
   210 ;;      Temps:          0       0       0       0       0
   211 ;;      Totals:         0       0       0       0       0
   212 ;;Total ram usage:        0 bytes
   213 ;; Hardware stack levels required when called:    3
   214 ;; This function calls:
   215 ;;		_keyPressed
   216 ;; This function is called by:
   217 ;;		Startup code after reset
   218 ;; This function uses a non-reentrant model
   219 ;;
   220                           
   221                           
   222                           ;psect for function _main
   223  00C7                     _main:	
   224                           
   225                           ;teclado.c: 27: OPTION_REG = 0b10000000;
   226                           
   227                           ;incstack = 0
   228                           ; Regs used in _main: [wreg+status,2+status,0+pclath+cstack]
   229  00C7  3080               	movlw	128
   230  00C8  1683               	bsf	3,5	;RP0=1, select bank1
   231  00C9  1303               	bcf	3,6	;RP1=0, select bank1
   232  00CA  0081               	movwf	1	;volatile
   233                           
   234                           ;teclado.c: 28: T0CS = 0;
   235  00CB  1281               	bcf	1,5	;volatile
   236                           
   237                           ;teclado.c: 29: T0SE = 0;
   238  00CC  1201               	bcf	1,4	;volatile
   239                           
   240                           ;teclado.c: 30: PSA = 0;
   241  00CD  1181               	bcf	1,3	;volatile
   242                           
   243                           ;teclado.c: 31: PS2 = 1;
   244  00CE  1501               	bsf	1,2	;volatile
   245                           
   246                           ;teclado.c: 32: PS1 = 1;
   247  00CF  1481               	bsf	1,1	;volatile
   248                           
   249                           ;teclado.c: 33: PS0 = 1;
   250  00D0  1401               	bsf	1,0	;volatile
   251                           
   252                           ;teclado.c: 36: GIE=1;
   253  00D1  178B               	bsf	11,7	;volatile
   254                           
   255                           ;teclado.c: 37: PEIE=1;
   256  00D2  170B               	bsf	11,6	;volatile
   257                           
   258                           ;teclado.c: 38: TMR0IE=1;
   259  00D3  168B               	bsf	11,5	;volatile
   260                           
   261                           ;teclado.c: 39: TMR0 = 0x9C;
   262  00D4  309C               	movlw	156
   263  00D5  1283               	bcf	3,5	;RP0=0, select bank0
   264  00D6  1303               	bcf	3,6	;RP1=0, select bank0
   265  00D7  0081               	movwf	1	;volatile
   266                           
   267                           ;teclado.c: 41: TRISC = 0;
   268  00D8  1683               	bsf	3,5	;RP0=1, select bank1
   269  00D9  1303               	bcf	3,6	;RP1=0, select bank1
   270  00DA  0187               	clrf	7	;volatile
   271                           
   272                           ;teclado.c: 42: PORTC = 0;
   273  00DB  1283               	bcf	3,5	;RP0=0, select bank0
   274  00DC  1303               	bcf	3,6	;RP1=0, select bank0
   275  00DD  0187               	clrf	7	;volatile
   276                           
   277                           ;teclado.c: 43: TRISB = 0b11110000;
   278  00DE  30F0               	movlw	240
   279  00DF  1683               	bsf	3,5	;RP0=1, select bank1
   280  00E0  1303               	bcf	3,6	;RP1=0, select bank1
   281  00E1  0086               	movwf	6	;volatile
   282                           
   283                           ;teclado.c: 44: PORTB=1;
   284  00E2  3001               	movlw	1
   285  00E3  1283               	bcf	3,5	;RP0=0, select bank0
   286  00E4  1303               	bcf	3,6	;RP1=0, select bank0
   287  00E5  0086               	movwf	6	;volatile
   288  00E6                     l944:	
   289                           ;teclado.c: 45: while(1)
   290                           
   291                           
   292                           ;teclado.c: 46: {
   293                           ;teclado.c: 47: if(flag_teclado){
   294  00E6  1C77               	btfss	_flag_teclado/(0+8),_flag_teclado& (0+7)
   295  00E7  28E6               	goto	l944
   296                           
   297                           ;teclado.c: 48: keyPressed();
   298  00E8  120A  118A  201F  120A  118A  	fcall	_keyPressed
   299  00ED  28E6               	goto	l944
   300  00EE                     __end_of_main:	
   301                           
   302                           	psect	text1
   303  001F                     __ptext1:	
   304 ;; *************** function _keyPressed *****************
   305 ;; Defined at:
   306 ;;		line 31 in file "teclado_functions.h"
   307 ;; Parameters:    Size  Location     Type
   308 ;;		None
   309 ;; Auto vars:     Size  Location     Type
   310 ;;		None
   311 ;; Return value:  Size  Location     Type
   312 ;;                  1    wreg      void 
   313 ;; Registers used:
   314 ;;		wreg, status,2, status,0, pclath, cstack
   315 ;; Tracked objects:
   316 ;;		On entry : 0/0
   317 ;;		On exit  : 0/0
   318 ;;		Unchanged: 0/0
   319 ;; Data sizes:     COMMON   BANK0   BANK1   BANK3   BANK2
   320 ;;      Params:         0       0       0       0       0
   321 ;;      Locals:         0       0       0       0       0
   322 ;;      Temps:          0       1       0       0       0
   323 ;;      Totals:         0       1       0       0       0
   324 ;;Total ram usage:        1 bytes
   325 ;; Hardware stack levels used:    1
   326 ;; Hardware stack levels required when called:    2
   327 ;; This function calls:
   328 ;;		_pulse
   329 ;; This function is called by:
   330 ;;		_main
   331 ;; This function uses a non-reentrant model
   332 ;;
   333                           
   334                           
   335                           ;psect for function _keyPressed
   336  001F                     _keyPressed:	
   337                           
   338                           ;teclado_functions.h: 32: if(RB0 && controle==0x01){
   339                           
   340                           ;incstack = 0
   341                           ; Regs used in _keyPressed: [wreg+status,2+status,0+pclath+cstack]
   342  001F  1283               	bcf	3,5	;RP0=0, select bank0
   343  0020  1303               	bcf	3,6	;RP1=0, select bank0
   344  0021  1C06               	btfss	6,0	;volatile
   345  0022  283E               	goto	l67
   346  0023  0324               	decf	_controle,w
   347  0024  1D03               	btfss	3,2
   348  0025  283E               	goto	l67
   349                           
   350                           ;teclado_functions.h: 33: controle=0x02;
   351  0026  3002               	movlw	2
   352  0027  00A3               	movwf	??_keyPressed
   353  0028  0823               	movf	??_keyPressed,w
   354  0029  00A4               	movwf	_controle
   355                           
   356                           ;teclado_functions.h: 34: RB0=0x00;
   357  002A  1006               	bcf	6,0	;volatile
   358                           
   359                           ;teclado_functions.h: 35: RB1=0x01;
   360  002B  1486               	bsf	6,1	;volatile
   361                           
   362                           ;teclado_functions.h: 36: RB2=0x01;
   363  002C  1506               	bsf	6,2	;volatile
   364                           
   365                           ;teclado_functions.h: 37: RB3=0x01;
   366  002D  1586               	bsf	6,3	;volatile
   367                           
   368                           ;teclado_functions.h: 38: if(!RB4)pulse(1);
   369  002E  1A06               	btfsc	6,4	;volatile
   370  002F  2832               	goto	l68
   371  0030  3001               	movlw	1
   372  0031  2895               	goto	L1
   373  0032                     l68:	
   374                           
   375                           ;teclado_functions.h: 39: else if(!RB5)pulse(4);
   376  0032  1A86               	btfsc	6,5	;volatile
   377  0033  2836               	goto	l70
   378  0034  3004               	movlw	4
   379  0035  2895               	goto	L1
   380  0036                     l70:	
   381                           
   382                           ;teclado_functions.h: 40: else if(!RB6)pulse(7);
   383  0036  1B06               	btfsc	6,6	;volatile
   384  0037  283A               	goto	l72
   385  0038  3007               	movlw	7
   386  0039  2895               	goto	L1
   387  003A                     l72:	
   388                           
   389                           ;teclado_functions.h: 41: else if(!RB7)pulse(10);
   390  003A  1B86               	btfsc	6,7	;volatile
   391  003B  2898               	goto	l918
   392  003C  300A               	movlw	10
   393  003D  2895               	goto	L1
   394  003E                     l67:	
   395                           ;teclado_functions.h: 42: }else if(RB1 && controle==0x02){
   396                           
   397  003E  1C86               	btfss	6,1	;volatile
   398  003F  285C               	goto	l76
   399  0040  3002               	movlw	2
   400  0041  0624               	xorwf	_controle,w
   401  0042  1D03               	btfss	3,2
   402  0043  285C               	goto	l76
   403                           
   404                           ;teclado_functions.h: 43: controle=0x03;
   405  0044  3003               	movlw	3
   406  0045  00A3               	movwf	??_keyPressed
   407  0046  0823               	movf	??_keyPressed,w
   408  0047  00A4               	movwf	_controle
   409                           
   410                           ;teclado_functions.h: 44: RB0=0x01;
   411  0048  1406               	bsf	6,0	;volatile
   412                           
   413                           ;teclado_functions.h: 45: RB1=0x00;
   414  0049  1086               	bcf	6,1	;volatile
   415                           
   416                           ;teclado_functions.h: 46: RB2=0x01;
   417  004A  1506               	bsf	6,2	;volatile
   418                           
   419                           ;teclado_functions.h: 47: RB3=0x01;
   420  004B  1586               	bsf	6,3	;volatile
   421                           
   422                           ;teclado_functions.h: 48: if(!RB4)pulse(2);
   423  004C  1A06               	btfsc	6,4	;volatile
   424  004D  2850               	goto	l77
   425  004E  3002               	movlw	2
   426  004F  2895               	goto	L1
   427  0050                     l77:	
   428                           
   429                           ;teclado_functions.h: 49: else if(!RB5)pulse(5);
   430  0050  1A86               	btfsc	6,5	;volatile
   431  0051  2854               	goto	l79
   432  0052  3005               	movlw	5
   433  0053  2895               	goto	L1
   434  0054                     l79:	
   435                           
   436                           ;teclado_functions.h: 50: else if(!RB6)pulse(8);
   437  0054  1B06               	btfsc	6,6	;volatile
   438  0055  2858               	goto	l81
   439  0056  3008               	movlw	8
   440  0057  2895               	goto	L1
   441  0058                     l81:	
   442                           
   443                           ;teclado_functions.h: 51: else if(!RB7)pulse(11);
   444  0058  1B86               	btfsc	6,7	;volatile
   445  0059  2898               	goto	l918
   446  005A  300B               	movlw	11
   447  005B  2895               	goto	L1
   448  005C                     l76:	
   449                           ;teclado_functions.h: 52: }else if(RB2 && controle==0x03){
   450                           
   451  005C  1D06               	btfss	6,2	;volatile
   452  005D  287A               	goto	l85
   453  005E  3003               	movlw	3
   454  005F  0624               	xorwf	_controle,w
   455  0060  1D03               	btfss	3,2
   456  0061  287A               	goto	l85
   457                           
   458                           ;teclado_functions.h: 53: controle=0x04;
   459  0062  3004               	movlw	4
   460  0063  00A3               	movwf	??_keyPressed
   461  0064  0823               	movf	??_keyPressed,w
   462  0065  00A4               	movwf	_controle
   463                           
   464                           ;teclado_functions.h: 54: RB0=0x01;
   465  0066  1406               	bsf	6,0	;volatile
   466                           
   467                           ;teclado_functions.h: 55: RB1=0x01;
   468  0067  1486               	bsf	6,1	;volatile
   469                           
   470                           ;teclado_functions.h: 56: RB2=0x00;
   471  0068  1106               	bcf	6,2	;volatile
   472                           
   473                           ;teclado_functions.h: 57: RB3=0x01;
   474  0069  1586               	bsf	6,3	;volatile
   475                           
   476                           ;teclado_functions.h: 58: if(!RB4)pulse(3);
   477  006A  1A06               	btfsc	6,4	;volatile
   478  006B  286E               	goto	l86
   479  006C  3003               	movlw	3
   480  006D  2895               	goto	L1
   481  006E                     l86:	
   482                           
   483                           ;teclado_functions.h: 59: else if(!RB5)pulse(6);
   484  006E  1A86               	btfsc	6,5	;volatile
   485  006F  2872               	goto	l88
   486  0070  3006               	movlw	6
   487  0071  2895               	goto	L1
   488  0072                     l88:	
   489                           
   490                           ;teclado_functions.h: 60: else if(!RB6)pulse(9);
   491  0072  1B06               	btfsc	6,6	;volatile
   492  0073  2876               	goto	l90
   493  0074  3009               	movlw	9
   494  0075  2895               	goto	L1
   495  0076                     l90:	
   496                           
   497                           ;teclado_functions.h: 61: else if(!RB7)pulse(12);
   498  0076  1B86               	btfsc	6,7	;volatile
   499  0077  2898               	goto	l918
   500  0078  300C               	movlw	12
   501  0079  2895               	goto	L1
   502  007A                     l85:	
   503                           ;teclado_functions.h: 62: }else if(RB3 && controle==0x04){
   504                           
   505  007A  1D86               	btfss	6,3	;volatile
   506  007B  2898               	goto	l918
   507  007C  3004               	movlw	4
   508  007D  0624               	xorwf	_controle,w
   509  007E  1D03               	btfss	3,2
   510  007F  2898               	goto	l918
   511                           
   512                           ;teclado_functions.h: 63: controle=0x01;
   513  0080  01A4               	clrf	_controle
   514  0081  0AA4               	incf	_controle,f
   515                           
   516                           ;teclado_functions.h: 64: RB0=0x01;
   517  0082  1406               	bsf	6,0	;volatile
   518                           
   519                           ;teclado_functions.h: 65: RB1=0x01;
   520  0083  1486               	bsf	6,1	;volatile
   521                           
   522                           ;teclado_functions.h: 66: RB2=0x01;
   523  0084  1506               	bsf	6,2	;volatile
   524                           
   525                           ;teclado_functions.h: 67: RB3=0x00;
   526  0085  1186               	bcf	6,3	;volatile
   527                           
   528                           ;teclado_functions.h: 68: if(!RB4)pulse(13);
   529  0086  1A06               	btfsc	6,4	;volatile
   530  0087  288A               	goto	l95
   531  0088  300D               	movlw	13
   532  0089  2895               	goto	L1
   533  008A                     l95:	
   534                           
   535                           ;teclado_functions.h: 69: else if(!RB5)pulse(14);
   536  008A  1A86               	btfsc	6,5	;volatile
   537  008B  288E               	goto	l97
   538  008C  300E               	movlw	14
   539  008D  2895               	goto	L1
   540  008E                     l97:	
   541                           
   542                           ;teclado_functions.h: 70: else if(!RB6)pulse(15);
   543  008E  1B06               	btfsc	6,6	;volatile
   544  008F  2892               	goto	l99
   545  0090  300F               	movlw	15
   546  0091  2895               	goto	L1
   547  0092                     l99:	
   548                           
   549                           ;teclado_functions.h: 71: else if(!RB7)pulse(16);
   550  0092  1B86               	btfsc	6,7	;volatile
   551  0093  2898               	goto	l918
   552  0094  3010               	movlw	16
   553  0095                     L1:	
   554  0095  120A  118A  209A   	fcall	_pulse
   555  0098                     l918:	
   556                           
   557                           ;teclado_functions.h: 72: }
   558                           ;teclado_functions.h: 73: flag_teclado=0;
   559  0098  1077               	bcf	_flag_teclado/(0+8),_flag_teclado& (0+7)
   560  0099  0008               	return
   561  009A                     __end_of_keyPressed:	
   562                           
   563                           	psect	text2
   564  009A                     __ptext2:	
   565 ;; *************** function _pulse *****************
   566 ;; Defined at:
   567 ;;		line 19 in file "teclado_functions.h"
   568 ;; Parameters:    Size  Location     Type
   569 ;;  number          1    wreg     unsigned char 
   570 ;; Auto vars:     Size  Location     Type
   571 ;;  number          1    5[COMMON] unsigned char 
   572 ;;  i               1    6[COMMON] unsigned char 
   573 ;; Return value:  Size  Location     Type
   574 ;;                  1    wreg      void 
   575 ;; Registers used:
   576 ;;		wreg, status,2, status,0
   577 ;; Tracked objects:
   578 ;;		On entry : 0/0
   579 ;;		On exit  : 0/0
   580 ;;		Unchanged: 0/0
   581 ;; Data sizes:     COMMON   BANK0   BANK1   BANK3   BANK2
   582 ;;      Params:         0       0       0       0       0
   583 ;;      Locals:         2       0       0       0       0
   584 ;;      Temps:          0       3       0       0       0
   585 ;;      Totals:         2       3       0       0       0
   586 ;;Total ram usage:        5 bytes
   587 ;; Hardware stack levels used:    1
   588 ;; Hardware stack levels required when called:    1
   589 ;; This function calls:
   590 ;;		Nothing
   591 ;; This function is called by:
   592 ;;		_keyPressed
   593 ;; This function uses a non-reentrant model
   594 ;;
   595                           
   596                           
   597                           ;psect for function _pulse
   598  009A                     _pulse:	
   599                           
   600                           ;incstack = 0
   601                           ; Regs used in _pulse: [wreg+status,2+status,0]
   602                           ;pulse@number stored from wreg
   603  009A  00F5               	movwf	pulse@number
   604                           
   605                           ;teclado_functions.h: 20: char i;
   606                           ;teclado_functions.h: 22: for(i=0;i<number;i++){
   607  009B  01F6               	clrf	pulse@i
   608  009C                     l836:	
   609  009C  0875               	movf	pulse@number,w
   610  009D  0276               	subwf	pulse@i,w
   611  009E  1803               	btfsc	3,0
   612  009F  0008               	return
   613                           
   614                           ;teclado_functions.h: 23: RC0=0x01;
   615  00A0  1283               	bcf	3,5	;RP0=0, select bank0
   616  00A1  1303               	bcf	3,6	;RP1=0, select bank0
   617  00A2  1407               	bsf	7,0	;volatile
   618                           
   619                           ;teclado_functions.h: 24: _delay((unsigned long)((500)*(20000000/4000.0)));
   620  00A3  300D               	movlw	13
   621  00A4  00A2               	movwf	??_pulse+2
   622  00A5  30AF               	movlw	175
   623  00A6  00A1               	movwf	??_pulse+1
   624  00A7  30C1               	movlw	193
   625  00A8  00A0               	movwf	??_pulse
   626  00A9                     u817:	
   627  00A9  0BA0               	decfsz	??_pulse,f
   628  00AA  28A9               	goto	u817
   629  00AB  0BA1               	decfsz	??_pulse+1,f
   630  00AC  28A9               	goto	u817
   631  00AD  0BA2               	decfsz	??_pulse+2,f
   632  00AE  28A9               	goto	u817
   633  00AF  0000               	nop
   634                           
   635                           ;teclado_functions.h: 25: RC0=0x00;
   636  00B0  1283               	bcf	3,5	;RP0=0, select bank0
   637  00B1  1303               	bcf	3,6	;RP1=0, select bank0
   638  00B2  1007               	bcf	7,0	;volatile
   639                           
   640                           ;teclado_functions.h: 26: _delay((unsigned long)((500)*(20000000/4000.0)));
   641  00B3  300D               	movlw	13
   642  00B4  00A2               	movwf	??_pulse+2
   643  00B5  30AF               	movlw	175
   644  00B6  00A1               	movwf	??_pulse+1
   645  00B7  30C1               	movlw	193
   646  00B8  00A0               	movwf	??_pulse
   647  00B9                     u827:	
   648  00B9  0BA0               	decfsz	??_pulse,f
   649  00BA  28B9               	goto	u827
   650  00BB  0BA1               	decfsz	??_pulse+1,f
   651  00BC  28B9               	goto	u827
   652  00BD  0BA2               	decfsz	??_pulse+2,f
   653  00BE  28B9               	goto	u827
   654  00BF  0000               	nop
   655  00C0  3001               	movlw	1
   656  00C1  1283               	bcf	3,5	;RP0=0, select bank0
   657  00C2  1303               	bcf	3,6	;RP1=0, select bank0
   658  00C3  00A0               	movwf	??_pulse
   659  00C4  0820               	movf	??_pulse,w
   660  00C5  07F6               	addwf	pulse@i,f
   661  00C6  289C               	goto	l836
   662  00C7                     __end_of_pulse:	
   663                           
   664                           	psect	text3
   665  00EE                     __ptext3:	
   666 ;; *************** function _interrupcao *****************
   667 ;; Defined at:
   668 ;;		line 8 in file "teclado.c"
   669 ;; Parameters:    Size  Location     Type
   670 ;;		None
   671 ;; Auto vars:     Size  Location     Type
   672 ;;		None
   673 ;; Return value:  Size  Location     Type
   674 ;;                  1    wreg      void 
   675 ;; Registers used:
   676 ;;		wreg, status,2, status,0
   677 ;; Tracked objects:
   678 ;;		On entry : 0/0
   679 ;;		On exit  : 0/0
   680 ;;		Unchanged: 0/0
   681 ;; Data sizes:     COMMON   BANK0   BANK1   BANK3   BANK2
   682 ;;      Params:         0       0       0       0       0
   683 ;;      Locals:         0       0       0       0       0
   684 ;;      Temps:          5       0       0       0       0
   685 ;;      Totals:         5       0       0       0       0
   686 ;;Total ram usage:        5 bytes
   687 ;; Hardware stack levels used:    1
   688 ;; This function calls:
   689 ;;		Nothing
   690 ;; This function is called by:
   691 ;;		Interrupt level 1
   692 ;; This function uses a non-reentrant model
   693 ;;
   694                           
   695                           
   696                           ;psect for function _interrupcao
   697  00EE                     _interrupcao:	
   698                           
   699                           ;teclado.c: 11: if(TMR0IF){
   700  00EE  1D0B               	btfss	11,2	;volatile
   701  00EF  28FD               	goto	i1l107
   702                           
   703                           ;teclado.c: 12: TMR0IF = 0x00;
   704  00F0  110B               	bcf	11,2	;volatile
   705                           
   706                           ;teclado.c: 13: TMR0 = 0x9C;
   707  00F1  309C               	movlw	156
   708  00F2  0081               	movwf	1	;volatile
   709                           
   710                           ;teclado.c: 14: counter_teclado++;
   711  00F3  3001               	movlw	1
   712  00F4  00F0               	movwf	??_interrupcao
   713  00F5  0870               	movf	??_interrupcao,w
   714  00F6  07F8               	addwf	_counter_teclado,f
   715                           
   716                           ;teclado.c: 15: if(counter_teclado==4){
   717  00F7  3004               	movlw	4
   718  00F8  0678               	xorwf	_counter_teclado,w
   719  00F9  1D03               	btfss	3,2
   720  00FA  28FD               	goto	i1l107
   721                           
   722                           ;teclado.c: 16: flag_teclado=1;
   723  00FB  1477               	bsf	_flag_teclado/(0+8),_flag_teclado& (0+7)
   724                           
   725                           ;teclado.c: 17: counter_teclado=0;
   726  00FC  01F8               	clrf	_counter_teclado
   727  00FD                     i1l107:	
   728  00FD  0874               	movf	??_interrupcao+4,w
   729  00FE  00FF               	movwf	127
   730  00FF  0873               	movf	??_interrupcao+3,w
   731  0100  008A               	movwf	10
   732  0101  0872               	movf	??_interrupcao+2,w
   733  0102  0084               	movwf	4
   734  0103  0E71               	swapf	(??_interrupcao+1)^(0+-128),w
   735  0104  0083               	movwf	3
   736  0105  0EFE               	swapf	126,f
   737  0106  0E7E               	swapf	126,w
   738  0107  0009               	retfie
   739  0108                     __end_of_interrupcao:	
   740  007E                     btemp	set	126	;btemp
   741  007E                     wtemp	set	126
   742  007E                     wtemp0	set	126
   743  0080                     wtemp1	set	128
   744  0082                     wtemp2	set	130
   745  0084                     wtemp3	set	132
   746  0086                     wtemp4	set	134
   747  0088                     wtemp5	set	136
   748  007F                     wtemp6	set	127
   749  007E                     ttemp	set	126
   750  007E                     ttemp0	set	126
   751  0081                     ttemp1	set	129
   752  0084                     ttemp2	set	132
   753  0087                     ttemp3	set	135
   754  007F                     ttemp4	set	127
   755  007E                     ltemp	set	126
   756  007E                     ltemp0	set	126
   757  0082                     ltemp1	set	130
   758  0086                     ltemp2	set	134
   759  0080                     ltemp3	set	128
   760                           
   761                           	psect	intentry
   762  0004                     __pintentry:	
   763                           ;incstack = 0
   764                           ; Regs used in _interrupcao: [wreg+status,2+status,0]
   765                           
   766  0004                     interrupt_function:	
   767  007E                     saved_w	set	btemp
   768  0004  00FE               	movwf	btemp
   769  0005  0E03               	swapf	3,w
   770  0006  00F1               	movwf	??_interrupcao+1
   771  0007  0804               	movf	4,w
   772  0008  00F2               	movwf	??_interrupcao+2
   773  0009  080A               	movf	10,w
   774  000A  00F3               	movwf	??_interrupcao+3
   775  000B  1283               	bcf	3,5	;RP0=0, select bank0
   776  000C  1303               	bcf	3,6	;RP1=0, select bank0
   777  000D  087F               	movf	btemp+1,w
   778  000E  00F4               	movwf	??_interrupcao+4
   779  000F  120A  118A  28EE   	ljmp	_interrupcao


Data Sizes:
    Strings     0
    Constant    0
    Data        1
    BSS         1
    Persistent  0
    Stack       0

Auto Spaces:
    Space          Size  Autos    Used
    COMMON           14      7       9
    BANK0            80      4       5
    BANK1            80      0       0
    BANK3            96      0       0
    BANK2            96      0       0

Pointer List with Targets:

    None.

Critical Paths under _main in COMMON

    _keyPressed->_pulse

Critical Paths under _interrupcao in COMMON

    None.

Critical Paths under _main in BANK0

    _main->_keyPressed
    _keyPressed->_pulse

Critical Paths under _interrupcao in BANK0

    None.

Critical Paths under _main in BANK1

    None.

Critical Paths under _interrupcao in BANK1

    None.

Critical Paths under _main in BANK3

    None.

Critical Paths under _interrupcao in BANK3

    None.

Critical Paths under _main in BANK2

    None.

Critical Paths under _interrupcao in BANK2

    None.

Call Graph Tables:

 ---------------------------------------------------------------------------------
 (Depth) Function   	        Calls       Base Space   Used Autos Params    Refs
 ---------------------------------------------------------------------------------
 (0) _main                                                 0     0      0      68
                         _keyPressed
 ---------------------------------------------------------------------------------
 (1) _keyPressed                                           1     1      0      68
                                              3 BANK0      1     1      0
                              _pulse
 ---------------------------------------------------------------------------------
 (2) _pulse                                                5     5      0      68
                                              5 COMMON     2     2      0
                                              0 BANK0      3     3      0
 ---------------------------------------------------------------------------------
 Estimated maximum stack depth 2
 ---------------------------------------------------------------------------------
 (Depth) Function   	        Calls       Base Space   Used Autos Params    Refs
 ---------------------------------------------------------------------------------
 (3) _interrupcao                                          5     5      0       0
                                              0 COMMON     5     5      0
 ---------------------------------------------------------------------------------
 Estimated maximum stack depth 3
 ---------------------------------------------------------------------------------

 Call Graph Graphs:

 _main (ROOT)
   _keyPressed
     _pulse

 _interrupcao (ROOT)

 Address spaces:
Name               Size   Autos  Total    Cost      Usage
BANK3               60      0       0       9        0.0%
BITBANK3            60      0       0       8        0.0%
SFR3                 0      0       0       4        0.0%
BITSFR3              0      0       0       4        0.0%
BANK2               60      0       0      11        0.0%
BITBANK2            60      0       0      10        0.0%
SFR2                 0      0       0       5        0.0%
BITSFR2              0      0       0       5        0.0%
BANK1               50      0       0       7        0.0%
BITBANK1            50      0       0       6        0.0%
SFR1                 0      0       0       2        0.0%
BITSFR1              0      0       0       2        0.0%
BANK0               50      4       5       5        6.3%
BITBANK0            50      0       0       4        0.0%
SFR0                 0      0       0       1        0.0%
BITSFR0              0      0       0       1        0.0%
COMMON               E      7       9       1       64.3%
BITCOMMON            E      0       1       0        7.1%
CODE                 0      0       0       0        0.0%
DATA                 0      0       E      12        0.0%
ABS                  0      0       E       3        0.0%
NULL                 0      0       0       0        0.0%
STACK                0      0       0       2        0.0%
EEDATA             100      0       0       0        0.0%


Microchip Technology PIC Macro Assembler V1.36 build -262312587 
Symbol Table                                                                                   Thu Apr 28 11:39:55 2016

            __CFG_CP$OFF 0000                       l70 0036                       l72 003A  
                     l81 0058                       l90 0076                       l67 003E  
                     l76 005C                       l68 0032                       l85 007A  
                     l77 0050                       l86 006E                       l95 008A  
                     l79 0054                       l88 0072                       l97 008E  
                     l99 0092                      l836 009C                      l918 0098  
                    l944 00E6                      _GIE 005F                      _RB0 0030  
                    _RB1 0031                      _RC0 0038                      _RB2 0032  
                    _RB3 0033                      _RB4 0034                      _RB5 0035  
                    _RB6 0036                      _RB7 0037                      _PS0 0408  
                    _PS1 0409                      _PS2 040A             __CFG_CPD$OFF 0000  
                    _PSA 040B                      u817 00A9                      u827 00B9  
                    fsr0 0004             __CFG_FOSC$HS 0000             __CFG_LVP$OFF 0000  
                   _T0CS 040D                     _T0SE 040C                     _PEIE 005E  
                   _TMR0 0001             __CFG_WRT$OFF 0000                     _main 00C7  
                   btemp 007E                     ltemp 007E                     start 0012  
                   ttemp 007E                     wtemp 007E                    ?_main 0070  
          __CFG_WDTE$OFF 0000                    i1l107 00FD                    _PORTB 0006  
                  _PORTC 0007                    _TRISB 0086                    _TRISC 0087  
                  _pulse 009A           __pbitbssCOMMON 03B8           __CFG_BOREN$OFF 0000  
                  pclath 000A                    ltemp0 007E                    ltemp1 0082  
                  ltemp2 0086                    ltemp3 0080                    ttemp0 007E  
                  ttemp1 0081                    ttemp2 0084                    ttemp3 0087  
                  ttemp4 007F                    status 0003                    wtemp0 007E  
                  wtemp1 0080                    wtemp2 0082                    wtemp3 0084  
                  wtemp4 0086                    wtemp5 0088                    wtemp6 007F  
        __initialization 0015             ?_interrupcao 0070             __end_of_main 00EE  
                 ??_main 0077                   ?_pulse 0070                   _TMR0IE 005D  
                 _TMR0IF 005A           __CFG_PWRTE$OFF 0000                   saved_w 007E  
                 pulse@i 0076  __end_of__initialization 001B           __pcstackCOMMON 0070  
           __pidataBANK0 0108            __end_of_pulse 00C7                  ??_pulse 0020  
             __pmaintext 00C7               __pintentry 0004     __size_of_interrupcao 001A  
             _keyPressed 001F             _flag_teclado 03B8                  __ptext1 001F  
                __ptext2 009A                  __ptext3 00EE     end_of_initialization 001B  
            ?_keyPressed 0070      start_initialization 0015              pulse@number 0075  
            __pdataBANK0 0024              __pbssCOMMON 0078                ___latbits 0002  
          __pcstackBANK0 0020      __size_of_keyPressed 007B            ??_interrupcao 0070  
        _counter_teclado 0078           __size_of_pulse 002D        interrupt_function 0004  
    __end_of_interrupcao 0108             ??_keyPressed 0023       __end_of_keyPressed 009A  
               _controle 0024            __size_of_main 0027              _interrupcao 00EE  
               intlevel1 0000               _OPTION_REG 0081  
